\BOOKMARK [1][]{section.1}{Introduction}{}% 1
\BOOKMARK [1][]{section.2}{Model and methods}{}% 2
\BOOKMARK [2][]{subsection.2.1}{Assumptions}{section.2}% 3
\BOOKMARK [1][]{section.3}{Results}{}% 4
\BOOKMARK [2][]{subsection.3.1}{Expected proportion of altruists}{section.3}% 5
\BOOKMARK [2][]{subsection.3.2}{Identity by descent}{section.3}% 6
\BOOKMARK [3][]{subsubsection.3.2.1}{Moran updating}{subsection.3.2}% 7
\BOOKMARK [3][]{subsubsection.3.2.2}{Wright-Fisher updating}{subsection.3.2}% 8
\BOOKMARK [2][]{subsection.3.3}{Expected frequencies of altruists for each life-cycle}{section.3}% 9
\BOOKMARK [3][]{subsubsection.3.3.1}{Direct effects}{subsection.3.3}% 10
\BOOKMARK [3][]{subsubsection.3.3.2}{Indirect effects}{subsection.3.3}% 11
\BOOKMARK [3][]{subsubsection.3.3.3}{Moran Death-Birth}{subsection.3.3}% 12
\BOOKMARK [3][]{subsubsection.3.3.4}{Wright-Fisher}{subsection.3.3}% 13
\BOOKMARK [2][]{subsection.3.4}{Identifying threshold values of the mutation probability }{section.3}% 14
\BOOKMARK [3][]{subsubsection.3.4.1}{Moran Birth-Death}{subsection.3.4}% 15
\BOOKMARK [3][]{subsubsection.3.4.2}{Moran Death-Birth}{subsection.3.4}% 16
\BOOKMARK [3][]{subsubsection.3.4.3}{Wright-Fisher}{subsection.3.4}% 17
\BOOKMARK [2][]{subsection.3.5}{Relaxing key assumptions}{section.3}% 18
\BOOKMARK [1][]{section.4}{Discussion}{}% 19
\BOOKMARK [1][]{appendix.A}{Island model}{}% 20
\BOOKMARK [1][]{appendix.B}{IDB}{}% 21
\BOOKMARK [2][]{subsection.B.1}{Moran}{appendix.B}% 22
\BOOKMARK [2][]{subsection.B.2}{Wright-Fisher}{appendix.B}% 23
